<?xml version="1.0" encoding="UTF-8"?>
<testsuite xmlns:xsi="http://www.w3.org/2001/XMLSchema-instance" xsi:noNamespaceSchemaLocation="https://maven.apache.org/surefire/maven-surefire-plugin/xsd/surefire-test-report-3.0.xsd" version="3.0" name="com.mycompany.irr00_group_project.services.DatabaseTest" time="0.289" tests="45" errors="0" skipped="0" failures="0">
  <properties>
    <property name="java.specification.version" value="21"/>
    <property name="javafx.runtime.version" value="21.0.2+5"/>
    <property name="sun.jnu.encoding" value="UTF-8"/>
    <property name="java.class.path" value="/home/victor/Documents/fentyfy/2irr00-2025-group-assignment-graded-assignment-2irr00-group-49/2IRR00_Group_Project/target/test-classes:/home/victor/Documents/fentyfy/2irr00-2025-group-assignment-graded-assignment-2irr00-group-49/2IRR00_Group_Project/target/classes:/home/victor/.m2/repository/org/openjfx/javafx-controls/21.0.2/javafx-controls-21.0.2.jar:/home/victor/.m2/repository/org/openjfx/javafx-controls/21.0.2/javafx-controls-21.0.2-linux.jar:/home/victor/.m2/repository/org/openjfx/javafx-graphics/21.0.2/javafx-graphics-21.0.2.jar:/home/victor/.m2/repository/org/openjfx/javafx-graphics/21.0.2/javafx-graphics-21.0.2-linux.jar:/home/victor/.m2/repository/org/openjfx/javafx-base/21.0.2/javafx-base-21.0.2.jar:/home/victor/.m2/repository/org/openjfx/javafx-base/21.0.2/javafx-base-21.0.2-linux.jar:/home/victor/.m2/repository/org/junit/jupiter/junit-jupiter/5.10.1/junit-jupiter-5.10.1.jar:/home/victor/.m2/repository/org/junit/jupiter/junit-jupiter-api/5.10.1/junit-jupiter-api-5.10.1.jar:/home/victor/.m2/repository/org/opentest4j/opentest4j/1.3.0/opentest4j-1.3.0.jar:/home/victor/.m2/repository/org/junit/platform/junit-platform-commons/1.10.1/junit-platform-commons-1.10.1.jar:/home/victor/.m2/repository/org/apiguardian/apiguardian-api/1.1.2/apiguardian-api-1.1.2.jar:/home/victor/.m2/repository/org/junit/jupiter/junit-jupiter-params/5.10.1/junit-jupiter-params-5.10.1.jar:/home/victor/.m2/repository/org/junit/jupiter/junit-jupiter-engine/5.10.1/junit-jupiter-engine-5.10.1.jar:/home/victor/.m2/repository/org/junit/platform/junit-platform-engine/1.10.1/junit-platform-engine-1.10.1.jar:"/>
    <property name="java.vm.vendor" value="Ubuntu"/>
    <property name="sun.arch.data.model" value="64"/>
    <property name="java.vendor.url" value="https://ubuntu.com/"/>
    <property name="user.timezone" value="Europe/Amsterdam"/>
    <property name="javafx.version" value="21.0.2"/>
    <property name="os.name" value="Linux"/>
    <property name="java.vm.specification.version" value="21"/>
    <property name="sun.java.launcher" value="SUN_STANDARD"/>
    <property name="user.country" value="US"/>
    <property name="sun.boot.library.path" value="/usr/lib/jvm/java-21-openjdk-amd64/lib"/>
    <property name="sun.java.command" value="/home/victor/Documents/fentyfy/2irr00-2025-group-assignment-graded-assignment-2irr00-group-49/2IRR00_Group_Project/target/surefire/surefirebooter-20250618163916175_3.jar /home/victor/Documents/fentyfy/2irr00-2025-group-assignment-graded-assignment-2irr00-group-49/2IRR00_Group_Project/target/surefire 2025-06-18T16-39-16_086-jvmRun1 surefire-20250618163916175_1tmp surefire_0-20250618163916175_2tmp"/>
    <property name="jdk.debug" value="release"/>
    <property name="surefire.test.class.path" value="/home/victor/Documents/fentyfy/2irr00-2025-group-assignment-graded-assignment-2irr00-group-49/2IRR00_Group_Project/target/test-classes:/home/victor/Documents/fentyfy/2irr00-2025-group-assignment-graded-assignment-2irr00-group-49/2IRR00_Group_Project/target/classes:/home/victor/.m2/repository/org/openjfx/javafx-controls/21.0.2/javafx-controls-21.0.2.jar:/home/victor/.m2/repository/org/openjfx/javafx-controls/21.0.2/javafx-controls-21.0.2-linux.jar:/home/victor/.m2/repository/org/openjfx/javafx-graphics/21.0.2/javafx-graphics-21.0.2.jar:/home/victor/.m2/repository/org/openjfx/javafx-graphics/21.0.2/javafx-graphics-21.0.2-linux.jar:/home/victor/.m2/repository/org/openjfx/javafx-base/21.0.2/javafx-base-21.0.2.jar:/home/victor/.m2/repository/org/openjfx/javafx-base/21.0.2/javafx-base-21.0.2-linux.jar:/home/victor/.m2/repository/org/junit/jupiter/junit-jupiter/5.10.1/junit-jupiter-5.10.1.jar:/home/victor/.m2/repository/org/junit/jupiter/junit-jupiter-api/5.10.1/junit-jupiter-api-5.10.1.jar:/home/victor/.m2/repository/org/opentest4j/opentest4j/1.3.0/opentest4j-1.3.0.jar:/home/victor/.m2/repository/org/junit/platform/junit-platform-commons/1.10.1/junit-platform-commons-1.10.1.jar:/home/victor/.m2/repository/org/apiguardian/apiguardian-api/1.1.2/apiguardian-api-1.1.2.jar:/home/victor/.m2/repository/org/junit/jupiter/junit-jupiter-params/5.10.1/junit-jupiter-params-5.10.1.jar:/home/victor/.m2/repository/org/junit/jupiter/junit-jupiter-engine/5.10.1/junit-jupiter-engine-5.10.1.jar:/home/victor/.m2/repository/org/junit/platform/junit-platform-engine/1.10.1/junit-platform-engine-1.10.1.jar:"/>
    <property name="sun.cpu.endian" value="little"/>
    <property name="user.home" value="/home/victor"/>
    <property name="user.language" value="en"/>
    <property name="java.specification.vendor" value="Oracle Corporation"/>
    <property name="java.version.date" value="2025-04-15"/>
    <property name="java.home" value="/usr/lib/jvm/java-21-openjdk-amd64"/>
    <property name="file.separator" value="/"/>
    <property name="basedir" value="/home/victor/Documents/fentyfy/2irr00-2025-group-assignment-graded-assignment-2irr00-group-49/2IRR00_Group_Project"/>
    <property name="java.vm.compressedOopsMode" value="Zero based"/>
    <property name="line.separator" value="&#10;"/>
    <property name="java.vm.specification.vendor" value="Oracle Corporation"/>
    <property name="java.specification.name" value="Java Platform API Specification"/>
    <property name="surefire.real.class.path" value="/home/victor/Documents/fentyfy/2irr00-2025-group-assignment-graded-assignment-2irr00-group-49/2IRR00_Group_Project/target/surefire/surefirebooter-20250618163916175_3.jar"/>
    <property name="sun.management.compiler" value="HotSpot 64-Bit Tiered Compilers"/>
    <property name="java.runtime.version" value="21.0.7+6-Ubuntu-0ubuntu124.04"/>
    <property name="user.name" value="victor"/>
    <property name="stdout.encoding" value="UTF-8"/>
    <property name="path.separator" value=":"/>
    <property name="os.version" value="6.11.0-26-generic"/>
    <property name="java.runtime.name" value="OpenJDK Runtime Environment"/>
    <property name="file.encoding" value="UTF-8"/>
    <property name="java.vm.name" value="OpenJDK 64-Bit Server VM"/>
    <property name="localRepository" value="/home/victor/.m2/repository"/>
    <property name="java.vendor.url.bug" value="https://bugs.launchpad.net/ubuntu/+source/openjdk-21"/>
    <property name="java.io.tmpdir" value="/tmp"/>
    <property name="java.version" value="21.0.7"/>
    <property name="user.dir" value="/home/victor/Documents/fentyfy/2irr00-2025-group-assignment-graded-assignment-2irr00-group-49/2IRR00_Group_Project"/>
    <property name="os.arch" value="amd64"/>
    <property name="java.vm.specification.name" value="Java Virtual Machine Specification"/>
    <property name="native.encoding" value="UTF-8"/>
    <property name="java.library.path" value="/opt/ros/jazzy/lib:/usr/java/packages/lib:/usr/lib/x86_64-linux-gnu/jni:/lib/x86_64-linux-gnu:/usr/lib/x86_64-linux-gnu:/usr/lib/jni:/lib:/usr/lib"/>
    <property name="java.vm.info" value="mixed mode, sharing"/>
    <property name="stderr.encoding" value="UTF-8"/>
    <property name="java.vendor" value="Ubuntu"/>
    <property name="java.vm.version" value="21.0.7+6-Ubuntu-0ubuntu124.04"/>
    <property name="sun.io.unicode.encoding" value="UnicodeLittle"/>
    <property name="java.class.version" value="65.0"/>
  </properties>
  <testcase name="testGetAlbumsFromArtistThrowsOnEmpty" classname="com.mycompany.irr00_group_project.services.DatabaseTest" time="0.003"/>
  <testcase name="testAuthenticateEmptyUsername" classname="com.mycompany.irr00_group_project.services.DatabaseTest" time="0.002"/>
  <testcase name="testGetReviewsByUser" classname="com.mycompany.irr00_group_project.services.DatabaseTest" time="0.003">
    <system-err><![CDATA[Failed to load avatar: /db/images/missing_assets/default_avatar.jpg - Internal graphics not initialized yet
Failed to load avatar: /db/images/missing_assets/default_avatar.jpg - Internal graphics not initialized yet
Failed to load avatar: /db/images/missing_assets/default_avatar.jpg - Internal graphics not initialized yet
]]></system-err>
  </testcase>
  <testcase name="testAuthenticateNonExistentUser" classname="com.mycompany.irr00_group_project.services.DatabaseTest" time="0.002"/>
  <testcase name="testAuthenticate" classname="com.mycompany.irr00_group_project.services.DatabaseTest" time="0.09">
    <system-err><![CDATA[Failed to load avatar: /db/images/missing_assets/default_avatar.jpg - Internal graphics not initialized yet
Failed to load avatar: /db/images/missing_assets/default_avatar.jpg - Internal graphics not initialized yet
]]></system-err>
  </testcase>
  <testcase name="testGetReviewsByUserThrowsOnEmptyId" classname="com.mycompany.irr00_group_project.services.DatabaseTest" time="0.003">
    <system-err><![CDATA[Failed to load avatar: /db/images/missing_assets/default_avatar.jpg - Internal graphics not initialized yet
]]></system-err>
  </testcase>
  <testcase name="testAccessors" classname="com.mycompany.irr00_group_project.services.DatabaseTest" time="0.002"/>
  <testcase name="testSearchUsersThrowsOnNull" classname="com.mycompany.irr00_group_project.services.DatabaseTest" time="0.003"/>
  <testcase name="testGetSongsFromAlbumThrowsOnEmpty" classname="com.mycompany.irr00_group_project.services.DatabaseTest" time="0.002"/>
  <testcase name="testGetSongsFromAlbum" classname="com.mycompany.irr00_group_project.services.DatabaseTest" time="0.006"/>
  <testcase name="testSearchUsers" classname="com.mycompany.irr00_group_project.services.DatabaseTest" time="0.003">
    <system-err><![CDATA[Failed to load avatar: /db/images/missing_assets/default_avatar.jpg - Internal graphics not initialized yet
Failed to load avatar: /db/images/missing_assets/default_avatar.jpg - Internal graphics not initialized yet
Failed to load avatar: /db/images/missing_assets/default_avatar.jpg - Internal graphics not initialized yet
Failed to load avatar: /db/images/missing_assets/default_avatar.jpg - Internal graphics not initialized yet
Failed to load avatar: /db/images/missing_assets/default_avatar.jpg - Internal graphics not initialized yet
]]></system-err>
  </testcase>
  <testcase name="testGetFollowedUsersThrowsOnNull" classname="com.mycompany.irr00_group_project.services.DatabaseTest" time="0.006"/>
  <testcase name="testGetReviewLikesThrowsOnNull" classname="com.mycompany.irr00_group_project.services.DatabaseTest" time="0.002"/>
  <testcase name="testAddUserAndGetUserById" classname="com.mycompany.irr00_group_project.services.DatabaseTest" time="0.002">
    <system-err><![CDATA[Failed to load avatar: /db/images/missing_assets/default_avatar.jpg - Internal graphics not initialized yet
Failed to load avatar: /db/images/missing_assets/default_avatar.jpg - Internal graphics not initialized yet
]]></system-err>
  </testcase>
  <testcase name="testAddUserThrowsOnNullPassword" classname="com.mycompany.irr00_group_project.services.DatabaseTest" time="0.002">
    <system-err><![CDATA[Failed to load avatar: /db/images/missing_assets/default_avatar.jpg - Internal graphics not initialized yet
]]></system-err>
  </testcase>
  <testcase name="testGetFollowedUsers" classname="com.mycompany.irr00_group_project.services.DatabaseTest" time="0.002">
    <system-err><![CDATA[Failed to load avatar: /db/images/missing_assets/default_avatar.jpg - Internal graphics not initialized yet
Failed to load avatar: /db/images/missing_assets/default_avatar.jpg - Internal graphics not initialized yet
Failed to load avatar: /db/images/missing_assets/default_avatar.jpg - Internal graphics not initialized yet
Failed to load avatar: /db/images/missing_assets/default_avatar.jpg - Internal graphics not initialized yet
]]></system-err>
  </testcase>
  <testcase name="testGetReviewLikes" classname="com.mycompany.irr00_group_project.services.DatabaseTest" time="0.002">
    <system-err><![CDATA[Failed to load avatar: /db/images/missing_assets/default_avatar.jpg - Internal graphics not initialized yet
]]></system-err>
  </testcase>
  <testcase name="testAuthenticateEmptyPassword" classname="com.mycompany.irr00_group_project.services.DatabaseTest" time="0.002"/>
  <testcase name="testGetReviewRatingReturnsZeroIfNoReviews" classname="com.mycompany.irr00_group_project.services.DatabaseTest" time="0.002"/>
  <testcase name="testAddUserThrowsOnEmptyPassword" classname="com.mycompany.irr00_group_project.services.DatabaseTest" time="0.004">
    <system-err><![CDATA[Failed to load avatar: /db/images/missing_assets/default_avatar.jpg - Internal graphics not initialized yet
]]></system-err>
  </testcase>
  <testcase name="testGetSongsFromArtistThrowsOnEmpty" classname="com.mycompany.irr00_group_project.services.DatabaseTest" time="0.002"/>
  <testcase name="testGetUserByIdReturnsNullIfNotFound" classname="com.mycompany.irr00_group_project.services.DatabaseTest" time="0.002"/>
  <testcase name="testGetReviewableTable" classname="com.mycompany.irr00_group_project.services.DatabaseTest" time="0.002"/>
  <testcase name="testAddUserThrowsOnNullSalt" classname="com.mycompany.irr00_group_project.services.DatabaseTest" time="0.002">
    <system-err><![CDATA[Failed to load avatar: /db/images/missing_assets/default_avatar.jpg - Internal graphics not initialized yet
]]></system-err>
  </testcase>
  <testcase name="testAddUserThrowsOnNullUser" classname="com.mycompany.irr00_group_project.services.DatabaseTest" time="0.001"/>
  <testcase name="testGetReviewLikesThrowsOnEmpty" classname="com.mycompany.irr00_group_project.services.DatabaseTest" time="0.002"/>
  <testcase name="testAuthenticateNullUsername" classname="com.mycompany.irr00_group_project.services.DatabaseTest" time="0.005"/>
  <testcase name="testGetSongsFromArtistThrowsOnNull" classname="com.mycompany.irr00_group_project.services.DatabaseTest" time="0.002"/>
  <testcase name="testGetUserByIdThrowsOnEmpty" classname="com.mycompany.irr00_group_project.services.DatabaseTest" time="0.007"/>
  <testcase name="testGetReviewRating" classname="com.mycompany.irr00_group_project.services.DatabaseTest" time="0.004">
    <system-err><![CDATA[Failed to load avatar: /db/images/missing_assets/default_avatar.jpg - Internal graphics not initialized yet
Failed to load avatar: /db/images/missing_assets/default_avatar.jpg - Internal graphics not initialized yet
Failed to load avatar: /db/images/missing_assets/default_avatar.jpg - Internal graphics not initialized yet
]]></system-err>
  </testcase>
  <testcase name="testAuthenticateWrongPassword" classname="com.mycompany.irr00_group_project.services.DatabaseTest" time="0.047">
    <system-err><![CDATA[Failed to load avatar: /db/images/missing_assets/default_avatar.jpg - Internal graphics not initialized yet
]]></system-err>
  </testcase>
  <testcase name="testGetSongsFromArtist" classname="com.mycompany.irr00_group_project.services.DatabaseTest" time="0.004"/>
  <testcase name="testGetAlbumsFromArtist" classname="com.mycompany.irr00_group_project.services.DatabaseTest" time="0.003"/>
  <testcase name="testSearchReviewablesEmptyQuery" classname="com.mycompany.irr00_group_project.services.DatabaseTest" time="0.002"/>
  <testcase name="testGetUserByIdThrowsOnNull" classname="com.mycompany.irr00_group_project.services.DatabaseTest" time="0.002"/>
  <testcase name="testAddUserThrowsOnEmptySalt" classname="com.mycompany.irr00_group_project.services.DatabaseTest" time="0.002">
    <system-err><![CDATA[Failed to load avatar: /db/images/missing_assets/default_avatar.jpg - Internal graphics not initialized yet
]]></system-err>
  </testcase>
  <testcase name="testGetAlbumsFromArtistThrowsOnNull" classname="com.mycompany.irr00_group_project.services.DatabaseTest" time="0.006"/>
  <testcase name="testGetSongsFromAlbumThrowsOnNull" classname="com.mycompany.irr00_group_project.services.DatabaseTest" time="0.004"/>
  <testcase name="testAuthenticateNullPassword" classname="com.mycompany.irr00_group_project.services.DatabaseTest" time="0.002"/>
  <testcase name="testGetReviewRatingThrowsOnNull" classname="com.mycompany.irr00_group_project.services.DatabaseTest" time="0.002"/>
  <testcase name="testSearchUsersThrowsOnEmpty" classname="com.mycompany.irr00_group_project.services.DatabaseTest" time="0.002"/>
  <testcase name="testSearchReviewables" classname="com.mycompany.irr00_group_project.services.DatabaseTest" time="0.003"/>
  <testcase name="testTurnLineToReviewableHandlesUnknownType" classname="com.mycompany.irr00_group_project.services.DatabaseTest" time="0.002"/>
  <testcase name="testGetReviewsByUserThrowsOnNull" classname="com.mycompany.irr00_group_project.services.DatabaseTest" time="0.002"/>
  <testcase name="testGetFollowedUsersThrowsOnEmpty" classname="com.mycompany.irr00_group_project.services.DatabaseTest" time="0.002"/>
</testsuite>